2024-05-17 19:58:17.211 CST [restartedMain] INFO  com.scccy.springbootexample.SpringBootExampleApplication 51 logStarting - Starting SpringBootExampleApplication using Java 17.0.11 with PID 405024 (/home/project/springBootExample/springBootExample/target/classes started by root in /home/project/springBootExample)
2024-05-17 19:58:17.222 CST [restartedMain] INFO  com.scccy.springbootexample.SpringBootExampleApplication 632 logStartupProfileInfo - No active profile set, falling back to 1 default profile: "default"
2024-05-17 19:58:17.288 CST [restartedMain] INFO  org.springframework.boot.devtools.env.DevToolsPropertyDefaultsPostProcessor 250 logTo - Devtools property defaults active! Set 'spring.devtools.add-properties' to 'false' to disable
2024-05-17 19:58:17.290 CST [restartedMain] INFO  org.springframework.boot.devtools.env.DevToolsPropertyDefaultsPostProcessor 250 logTo - For additional web related logging consider setting the 'logging.level.web' property to 'DEBUG'
2024-05-17 19:58:18.692 CST [restartedMain] INFO  org.springframework.context.support.PostProcessorRegistrationDelegate$BeanPostProcessorChecker 409 postProcessAfterInitialization - Bean 'org.springframework.boot.autoconfigure.jdbc.DataSourceTransactionManagerAutoConfiguration$JdbcTransactionManagerConfiguration' of type [org.springframework.boot.autoconfigure.jdbc.DataSourceTransactionManagerAutoConfiguration$JdbcTransactionManagerConfiguration] is not eligible for getting processed by all BeanPostProcessors (for example: not eligible for auto-proxying)
2024-05-17 19:58:18.694 CST [restartedMain] INFO  org.springframework.context.support.PostProcessorRegistrationDelegate$BeanPostProcessorChecker 409 postProcessAfterInitialization - Bean 'org.springframework.boot.autoconfigure.jdbc.DataSourceConfiguration$Hikari' of type [org.springframework.boot.autoconfigure.jdbc.DataSourceConfiguration$Hikari] is not eligible for getting processed by all BeanPostProcessors (for example: not eligible for auto-proxying)
2024-05-17 19:58:18.723 CST [restartedMain] INFO  org.springframework.context.support.PostProcessorRegistrationDelegate$BeanPostProcessorChecker 409 postProcessAfterInitialization - Bean 'spring.datasource-org.springframework.boot.autoconfigure.jdbc.DataSourceProperties' of type [org.springframework.boot.autoconfigure.jdbc.DataSourceProperties] is not eligible for getting processed by all BeanPostProcessors (for example: not eligible for auto-proxying)
2024-05-17 19:58:18.746 CST [restartedMain] INFO  org.springframework.context.support.PostProcessorRegistrationDelegate$BeanPostProcessorChecker 409 postProcessAfterInitialization - Bean 'dataSource' of type [com.zaxxer.hikari.HikariDataSource] is not eligible for getting processed by all BeanPostProcessors (for example: not eligible for auto-proxying)
2024-05-17 19:58:18.755 CST [restartedMain] INFO  org.springframework.context.support.PostProcessorRegistrationDelegate$BeanPostProcessorChecker 409 postProcessAfterInitialization - Bean 'org.springframework.boot.autoconfigure.transaction.TransactionAutoConfiguration' of type [org.springframework.boot.autoconfigure.transaction.TransactionAutoConfiguration] is not eligible for getting processed by all BeanPostProcessors (for example: not eligible for auto-proxying)
2024-05-17 19:58:18.772 CST [restartedMain] INFO  org.springframework.context.support.PostProcessorRegistrationDelegate$BeanPostProcessorChecker 409 postProcessAfterInitialization - Bean 'spring.transaction-org.springframework.boot.autoconfigure.transaction.TransactionProperties' of type [org.springframework.boot.autoconfigure.transaction.TransactionProperties] is not eligible for getting processed by all BeanPostProcessors (for example: not eligible for auto-proxying)
2024-05-17 19:58:18.774 CST [restartedMain] INFO  org.springframework.context.support.PostProcessorRegistrationDelegate$BeanPostProcessorChecker 409 postProcessAfterInitialization - Bean 'platformTransactionManagerCustomizers' of type [org.springframework.boot.autoconfigure.transaction.TransactionManagerCustomizers] is not eligible for getting processed by all BeanPostProcessors (for example: not eligible for auto-proxying)
2024-05-17 19:58:18.780 CST [restartedMain] INFO  org.springframework.context.support.PostProcessorRegistrationDelegate$BeanPostProcessorChecker 409 postProcessAfterInitialization - Bean 'transactionManager' of type [org.springframework.jdbc.support.JdbcTransactionManager] is not eligible for getting processed by all BeanPostProcessors (for example: not eligible for auto-proxying)
2024-05-17 19:58:18.781 CST [restartedMain] INFO  org.springframework.context.support.PostProcessorRegistrationDelegate$BeanPostProcessorChecker 409 postProcessAfterInitialization - Bean 'transactionConfig' of type [com.scccy.springbootexample.aspect.TransactionConfig$$SpringCGLIB$$0] is not eligible for getting processed by all BeanPostProcessors (for example: not eligible for auto-proxying)
2024-05-17 19:58:18.788 CST [restartedMain] INFO  org.springframework.context.support.PostProcessorRegistrationDelegate$BeanPostProcessorChecker 409 postProcessAfterInitialization - Bean 'txAdvice' of type [org.springframework.transaction.interceptor.TransactionInterceptor] is not eligible for getting processed by all BeanPostProcessors (for example: not eligible for auto-proxying)
2024-05-17 19:58:18.789 CST [restartedMain] INFO  org.springframework.context.support.PostProcessorRegistrationDelegate$BeanPostProcessorChecker 409 postProcessAfterInitialization - Bean 'txAdviceAdvisor' of type [org.springframework.aop.support.DefaultPointcutAdvisor] is not eligible for getting processed by all BeanPostProcessors (for example: not eligible for auto-proxying)
2024-05-17 19:58:19.340 CST [restartedMain] INFO  org.springframework.boot.web.embedded.tomcat.TomcatWebServer 108 initialize - Tomcat initialized with port(s): 11007 (http)
2024-05-17 19:58:19.354 CST [restartedMain] INFO  org.apache.coyote.http11.Http11NioProtocol 173 log - Initializing ProtocolHandler ["http-nio-0.0.0.0-11007"]
2024-05-17 19:58:19.356 CST [restartedMain] INFO  org.apache.catalina.core.StandardService 173 log - Starting service [Tomcat]
2024-05-17 19:58:19.357 CST [restartedMain] INFO  org.apache.catalina.core.StandardEngine 173 log - Starting Servlet engine: [Apache Tomcat/10.1.8]
2024-05-17 19:58:19.419 CST [restartedMain] INFO  org.apache.catalina.core.ContainerBase.[Tomcat].[localhost].[/example] 173 log - Initializing Spring embedded WebApplicationContext
2024-05-17 19:58:19.420 CST [restartedMain] INFO  org.springframework.boot.web.servlet.context.ServletWebServerApplicationContext 291 prepareWebApplicationContext - Root WebApplicationContext: initialization completed in 2129 ms
2024-05-17 19:58:19.658 CST [restartedMain] WARN  org.springframework.boot.web.servlet.context.AnnotationConfigServletWebServerApplicationContext 592 refresh - Exception encountered during context initialization - cancelling refresh attempt: org.springframework.beans.factory.UnsatisfiedDependencyException: Error creating bean with name '/autoconfig': Unsatisfied dependency expressed through field 'importProBean01': Error creating bean with name 'importProBean01': Unsatisfied dependency expressed through field 'id': Failed to convert value of type 'java.lang.String' to required type 'java.lang.Integer'; For input string: "userShici.id"
2024-05-17 19:58:19.662 CST [restartedMain] INFO  org.apache.catalina.core.StandardService 173 log - Stopping service [Tomcat]
2024-05-17 19:58:19.686 CST [restartedMain] INFO  org.springframework.boot.autoconfigure.logging.ConditionEvaluationReportLogger 82 logMessage - 

Error starting ApplicationContext. To display the condition evaluation report re-run your application with 'debug' enabled.
2024-05-17 19:58:19.709 CST [restartedMain] ERROR org.springframework.boot.SpringApplication 822 reportFailure - Application run failed org.springframework.beans.factory.UnsatisfiedDependencyException: Error creating bean with name '/autoconfig': Unsatisfied dependency expressed through field 'importProBean01': Error creating bean with name 'importProBean01': Unsatisfied dependency expressed through field 'id': Failed to convert value of type 'java.lang.String' to required type 'java.lang.Integer'; For input string: "userShici.id"
	at org.springframework.beans.factory.annotation.AutowiredAnnotationBeanPostProcessor$AutowiredFieldElement.resolveFieldValue(AutowiredAnnotationBeanPostProcessor.java:713) ~[spring-beans-6.0.8.jar:6.0.8]
	at org.springframework.beans.factory.annotation.AutowiredAnnotationBeanPostProcessor$AutowiredFieldElement.inject(AutowiredAnnotationBeanPostProcessor.java:693) ~[spring-beans-6.0.8.jar:6.0.8]
	at org.springframework.beans.factory.annotation.InjectionMetadata.inject(InjectionMetadata.java:133) ~[spring-beans-6.0.8.jar:6.0.8]
	at org.springframework.beans.factory.annotation.AutowiredAnnotationBeanPostProcessor.postProcessProperties(AutowiredAnnotationBeanPostProcessor.java:482) ~[spring-beans-6.0.8.jar:6.0.8]
	at org.springframework.beans.factory.support.AbstractAutowireCapableBeanFactory.populateBean(AbstractAutowireCapableBeanFactory.java:1416) ~[spring-beans-6.0.8.jar:6.0.8]
	at org.springframework.beans.factory.support.AbstractAutowireCapableBeanFactory.doCreateBean(AbstractAutowireCapableBeanFactory.java:597) ~[spring-beans-6.0.8.jar:6.0.8]
	at org.springframework.beans.factory.support.AbstractAutowireCapableBeanFactory.createBean(AbstractAutowireCapableBeanFactory.java:520) ~[spring-beans-6.0.8.jar:6.0.8]
	at org.springframework.beans.factory.support.AbstractBeanFactory.lambda$doGetBean$0(AbstractBeanFactory.java:326) ~[spring-beans-6.0.8.jar:6.0.8]
	at org.springframework.beans.factory.support.DefaultSingletonBeanRegistry.getSingleton(DefaultSingletonBeanRegistry.java:234) ~[spring-beans-6.0.8.jar:6.0.8]
	at org.springframework.beans.factory.support.AbstractBeanFactory.doGetBean(AbstractBeanFactory.java:324) ~[spring-beans-6.0.8.jar:6.0.8]
	at org.springframework.beans.factory.support.AbstractBeanFactory.getBean(AbstractBeanFactory.java:200) ~[spring-beans-6.0.8.jar:6.0.8]
	at org.springframework.beans.factory.support.DefaultListableBeanFactory.preInstantiateSingletons(DefaultListableBeanFactory.java:973) ~[spring-beans-6.0.8.jar:6.0.8]
	at org.springframework.context.support.AbstractApplicationContext.finishBeanFactoryInitialization(AbstractApplicationContext.java:917) ~[spring-context-6.0.8.jar:6.0.8]
	at org.springframework.context.support.AbstractApplicationContext.refresh(AbstractApplicationContext.java:584) ~[spring-context-6.0.8.jar:6.0.8]
	at org.springframework.boot.web.servlet.context.ServletWebServerApplicationContext.refresh(ServletWebServerApplicationContext.java:146) ~[spring-boot-3.0.6.jar:3.0.6]
	at org.springframework.boot.SpringApplication.refresh(SpringApplication.java:732) ~[spring-boot-3.0.6.jar:3.0.6]
	at org.springframework.boot.SpringApplication.refreshContext(SpringApplication.java:434) ~[spring-boot-3.0.6.jar:3.0.6]
	at org.springframework.boot.SpringApplication.run(SpringApplication.java:310) ~[spring-boot-3.0.6.jar:3.0.6]
	at org.springframework.boot.SpringApplication.run(SpringApplication.java:1304) ~[spring-boot-3.0.6.jar:3.0.6]
	at org.springframework.boot.SpringApplication.run(SpringApplication.java:1293) ~[spring-boot-3.0.6.jar:3.0.6]
	at com.scccy.springbootexample.SpringBootExampleApplication.main(SpringBootExampleApplication.java:13) ~[classes/:?]
	at jdk.internal.reflect.NativeMethodAccessorImpl.invoke0(Native Method) ~[?:?]
	at jdk.internal.reflect.NativeMethodAccessorImpl.invoke(NativeMethodAccessorImpl.java:77) ~[?:?]
	at jdk.internal.reflect.DelegatingMethodAccessorImpl.invoke(DelegatingMethodAccessorImpl.java:43) ~[?:?]
	at java.lang.reflect.Method.invoke(Method.java:568) ~[?:?]
	at org.springframework.boot.devtools.restart.RestartLauncher.run(RestartLauncher.java:49) ~[spring-boot-devtools-3.0.6.jar:3.0.6]
Caused by: org.springframework.beans.factory.UnsatisfiedDependencyException: Error creating bean with name 'importProBean01': Unsatisfied dependency expressed through field 'id': Failed to convert value of type 'java.lang.String' to required type 'java.lang.Integer'; For input string: "userShici.id"
	at org.springframework.beans.factory.annotation.AutowiredAnnotationBeanPostProcessor$AutowiredFieldElement.resolveFieldValue(AutowiredAnnotationBeanPostProcessor.java:713) ~[spring-beans-6.0.8.jar:6.0.8]
	at org.springframework.beans.factory.annotation.AutowiredAnnotationBeanPostProcessor$AutowiredFieldElement.inject(AutowiredAnnotationBeanPostProcessor.java:693) ~[spring-beans-6.0.8.jar:6.0.8]
	at org.springframework.beans.factory.annotation.InjectionMetadata.inject(InjectionMetadata.java:133) ~[spring-beans-6.0.8.jar:6.0.8]
	at org.springframework.beans.factory.annotation.AutowiredAnnotationBeanPostProcessor.postProcessProperties(AutowiredAnnotationBeanPostProcessor.java:482) ~[spring-beans-6.0.8.jar:6.0.8]
	at org.springframework.beans.factory.support.AbstractAutowireCapableBeanFactory.populateBean(AbstractAutowireCapableBeanFactory.java:1416) ~[spring-beans-6.0.8.jar:6.0.8]
	at org.springframework.beans.factory.support.AbstractAutowireCapableBeanFactory.doCreateBean(AbstractAutowireCapableBeanFactory.java:597) ~[spring-beans-6.0.8.jar:6.0.8]
	at org.springframework.beans.factory.support.AbstractAutowireCapableBeanFactory.createBean(AbstractAutowireCapableBeanFactory.java:520) ~[spring-beans-6.0.8.jar:6.0.8]
	at org.springframework.beans.factory.support.AbstractBeanFactory.lambda$doGetBean$0(AbstractBeanFactory.java:326) ~[spring-beans-6.0.8.jar:6.0.8]
	at org.springframework.beans.factory.support.DefaultSingletonBeanRegistry.getSingleton(DefaultSingletonBeanRegistry.java:234) ~[spring-beans-6.0.8.jar:6.0.8]
	at org.springframework.beans.factory.support.AbstractBeanFactory.doGetBean(AbstractBeanFactory.java:324) ~[spring-beans-6.0.8.jar:6.0.8]
	at org.springframework.beans.factory.support.AbstractBeanFactory.getBean(AbstractBeanFactory.java:200) ~[spring-beans-6.0.8.jar:6.0.8]
	at org.springframework.beans.factory.config.DependencyDescriptor.resolveCandidate(DependencyDescriptor.java:254) ~[spring-beans-6.0.8.jar:6.0.8]
	at org.springframework.beans.factory.support.DefaultListableBeanFactory.doResolveDependency(DefaultListableBeanFactory.java:1417) ~[spring-beans-6.0.8.jar:6.0.8]
	at org.springframework.beans.factory.support.DefaultListableBeanFactory.resolveDependency(DefaultListableBeanFactory.java:1337) ~[spring-beans-6.0.8.jar:6.0.8]
	at org.springframework.beans.factory.annotation.AutowiredAnnotationBeanPostProcessor$AutowiredFieldElement.resolveFieldValue(AutowiredAnnotationBeanPostProcessor.java:710) ~[spring-beans-6.0.8.jar:6.0.8]
	... 25 more
Caused by: org.springframework.beans.TypeMismatchException: Failed to convert value of type 'java.lang.String' to required type 'java.lang.Integer'; For input string: "userShici.id"
	at org.springframework.beans.TypeConverterSupport.convertIfNecessary(TypeConverterSupport.java:79) ~[spring-beans-6.0.8.jar:6.0.8]
	at org.springframework.beans.factory.support.DefaultListableBeanFactory.doResolveDependency(DefaultListableBeanFactory.java:1365) ~[spring-beans-6.0.8.jar:6.0.8]
	at org.springframework.beans.factory.support.DefaultListableBeanFactory.resolveDependency(DefaultListableBeanFactory.java:1337) ~[spring-beans-6.0.8.jar:6.0.8]
	at org.springframework.beans.factory.annotation.AutowiredAnnotationBeanPostProcessor$AutowiredFieldElement.resolveFieldValue(AutowiredAnnotationBeanPostProcessor.java:710) ~[spring-beans-6.0.8.jar:6.0.8]
	at org.springframework.beans.factory.annotation.AutowiredAnnotationBeanPostProcessor$AutowiredFieldElement.inject(AutowiredAnnotationBeanPostProcessor.java:693) ~[spring-beans-6.0.8.jar:6.0.8]
	at org.springframework.beans.factory.annotation.InjectionMetadata.inject(InjectionMetadata.java:133) ~[spring-beans-6.0.8.jar:6.0.8]
	at org.springframework.beans.factory.annotation.AutowiredAnnotationBeanPostProcessor.postProcessProperties(AutowiredAnnotationBeanPostProcessor.java:482) ~[spring-beans-6.0.8.jar:6.0.8]
	at org.springframework.beans.factory.support.AbstractAutowireCapableBeanFactory.populateBean(AbstractAutowireCapableBeanFactory.java:1416) ~[spring-beans-6.0.8.jar:6.0.8]
	at org.springframework.beans.factory.support.AbstractAutowireCapableBeanFactory.doCreateBean(AbstractAutowireCapableBeanFactory.java:597) ~[spring-beans-6.0.8.jar:6.0.8]
	at org.springframework.beans.factory.support.AbstractAutowireCapableBeanFactory.createBean(AbstractAutowireCapableBeanFactory.java:520) ~[spring-beans-6.0.8.jar:6.0.8]
	at org.springframework.beans.factory.support.AbstractBeanFactory.lambda$doGetBean$0(AbstractBeanFactory.java:326) ~[spring-beans-6.0.8.jar:6.0.8]
	at org.springframework.beans.factory.support.DefaultSingletonBeanRegistry.getSingleton(DefaultSingletonBeanRegistry.java:234) ~[spring-beans-6.0.8.jar:6.0.8]
	at org.springframework.beans.factory.support.AbstractBeanFactory.doGetBean(AbstractBeanFactory.java:324) ~[spring-beans-6.0.8.jar:6.0.8]
	at org.springframework.beans.factory.support.AbstractBeanFactory.getBean(AbstractBeanFactory.java:200) ~[spring-beans-6.0.8.jar:6.0.8]
	at org.springframework.beans.factory.config.DependencyDescriptor.resolveCandidate(DependencyDescriptor.java:254) ~[spring-beans-6.0.8.jar:6.0.8]
	at org.springframework.beans.factory.support.DefaultListableBeanFactory.doResolveDependency(DefaultListableBeanFactory.java:1417) ~[spring-beans-6.0.8.jar:6.0.8]
	at org.springframework.beans.factory.support.DefaultListableBeanFactory.resolveDependency(DefaultListableBeanFactory.java:1337) ~[spring-beans-6.0.8.jar:6.0.8]
	at org.springframework.beans.factory.annotation.AutowiredAnnotationBeanPostProcessor$AutowiredFieldElement.resolveFieldValue(AutowiredAnnotationBeanPostProcessor.java:710) ~[spring-beans-6.0.8.jar:6.0.8]
	... 25 more
Caused by: java.lang.NumberFormatException: For input string: "userShici.id"
	at java.lang.NumberFormatException.forInputString(NumberFormatException.java:67) ~[?:?]
	at java.lang.Integer.parseInt(Integer.java:668) ~[?:?]
	at java.lang.Integer.valueOf(Integer.java:999) ~[?:?]
	at org.springframework.util.NumberUtils.parseNumber(NumberUtils.java:203) ~[spring-core-6.0.8.jar:6.0.8]
	at org.springframework.beans.propertyeditors.CustomNumberEditor.setAsText(CustomNumberEditor.java:115) ~[spring-beans-6.0.8.jar:6.0.8]
	at org.springframework.beans.TypeConverterDelegate.doConvertTextValue(TypeConverterDelegate.java:425) ~[spring-beans-6.0.8.jar:6.0.8]
	at org.springframework.beans.TypeConverterDelegate.doConvertValue(TypeConverterDelegate.java:398) ~[spring-beans-6.0.8.jar:6.0.8]
	at org.springframework.beans.TypeConverterDelegate.convertIfNecessary(TypeConverterDelegate.java:155) ~[spring-beans-6.0.8.jar:6.0.8]
	at org.springframework.beans.TypeConverterSupport.convertIfNecessary(TypeConverterSupport.java:73) ~[spring-beans-6.0.8.jar:6.0.8]
	at org.springframework.beans.factory.support.DefaultListableBeanFactory.doResolveDependency(DefaultListableBeanFactory.java:1365) ~[spring-beans-6.0.8.jar:6.0.8]
	at org.springframework.beans.factory.support.DefaultListableBeanFactory.resolveDependency(DefaultListableBeanFactory.java:1337) ~[spring-beans-6.0.8.jar:6.0.8]
	at org.springframework.beans.factory.annotation.AutowiredAnnotationBeanPostProcessor$AutowiredFieldElement.resolveFieldValue(AutowiredAnnotationBeanPostProcessor.java:710) ~[spring-beans-6.0.8.jar:6.0.8]
	at org.springframework.beans.factory.annotation.AutowiredAnnotationBeanPostProcessor$AutowiredFieldElement.inject(AutowiredAnnotationBeanPostProcessor.java:693) ~[spring-beans-6.0.8.jar:6.0.8]
	at org.springframework.beans.factory.annotation.InjectionMetadata.inject(InjectionMetadata.java:133) ~[spring-beans-6.0.8.jar:6.0.8]
	at org.springframework.beans.factory.annotation.AutowiredAnnotationBeanPostProcessor.postProcessProperties(AutowiredAnnotationBeanPostProcessor.java:482) ~[spring-beans-6.0.8.jar:6.0.8]
	at org.springframework.beans.factory.support.AbstractAutowireCapableBeanFactory.populateBean(AbstractAutowireCapableBeanFactory.java:1416) ~[spring-beans-6.0.8.jar:6.0.8]
	at org.springframework.beans.factory.support.AbstractAutowireCapableBeanFactory.doCreateBean(AbstractAutowireCapableBeanFactory.java:597) ~[spring-beans-6.0.8.jar:6.0.8]
	at org.springframework.beans.factory.support.AbstractAutowireCapableBeanFactory.createBean(AbstractAutowireCapableBeanFactory.java:520) ~[spring-beans-6.0.8.jar:6.0.8]
	at org.springframework.beans.factory.support.AbstractBeanFactory.lambda$doGetBean$0(AbstractBeanFactory.java:326) ~[spring-beans-6.0.8.jar:6.0.8]
	at org.springframework.beans.factory.support.DefaultSingletonBeanRegistry.getSingleton(DefaultSingletonBeanRegistry.java:234) ~[spring-beans-6.0.8.jar:6.0.8]
	at org.springframework.beans.factory.support.AbstractBeanFactory.doGetBean(AbstractBeanFactory.java:324) ~[spring-beans-6.0.8.jar:6.0.8]
	at org.springframework.beans.factory.support.AbstractBeanFactory.getBean(AbstractBeanFactory.java:200) ~[spring-beans-6.0.8.jar:6.0.8]
	at org.springframework.beans.factory.config.DependencyDescriptor.resolveCandidate(DependencyDescriptor.java:254) ~[spring-beans-6.0.8.jar:6.0.8]
	at org.springframework.beans.factory.support.DefaultListableBeanFactory.doResolveDependency(DefaultListableBeanFactory.java:1417) ~[spring-beans-6.0.8.jar:6.0.8]
	at org.springframework.beans.factory.support.DefaultListableBeanFactory.resolveDependency(DefaultListableBeanFactory.java:1337) ~[spring-beans-6.0.8.jar:6.0.8]
	at org.springframework.beans.factory.annotation.AutowiredAnnotationBeanPostProcessor$AutowiredFieldElement.resolveFieldValue(AutowiredAnnotationBeanPostProcessor.java:710) ~[spring-beans-6.0.8.jar:6.0.8]
	... 25 more

2024-05-17 20:01:25.262 CST [restartedMain] INFO  com.scccy.springbootexample.SpringBootExampleApplication 51 logStarting - Starting SpringBootExampleApplication using Java 17.0.11 with PID 406094 (/home/project/springBootExample/springBootExample/target/classes started by root in /home/project/springBootExample)
2024-05-17 20:01:25.273 CST [restartedMain] INFO  com.scccy.springbootexample.SpringBootExampleApplication 632 logStartupProfileInfo - No active profile set, falling back to 1 default profile: "default"
2024-05-17 20:01:25.332 CST [restartedMain] INFO  org.springframework.boot.devtools.env.DevToolsPropertyDefaultsPostProcessor 250 logTo - Devtools property defaults active! Set 'spring.devtools.add-properties' to 'false' to disable
2024-05-17 20:01:25.334 CST [restartedMain] INFO  org.springframework.boot.devtools.env.DevToolsPropertyDefaultsPostProcessor 250 logTo - For additional web related logging consider setting the 'logging.level.web' property to 'DEBUG'
2024-05-17 20:01:26.794 CST [restartedMain] INFO  org.springframework.context.support.PostProcessorRegistrationDelegate$BeanPostProcessorChecker 409 postProcessAfterInitialization - Bean 'org.springframework.boot.autoconfigure.jdbc.DataSourceTransactionManagerAutoConfiguration$JdbcTransactionManagerConfiguration' of type [org.springframework.boot.autoconfigure.jdbc.DataSourceTransactionManagerAutoConfiguration$JdbcTransactionManagerConfiguration] is not eligible for getting processed by all BeanPostProcessors (for example: not eligible for auto-proxying)
2024-05-17 20:01:26.797 CST [restartedMain] INFO  org.springframework.context.support.PostProcessorRegistrationDelegate$BeanPostProcessorChecker 409 postProcessAfterInitialization - Bean 'org.springframework.boot.autoconfigure.jdbc.DataSourceConfiguration$Hikari' of type [org.springframework.boot.autoconfigure.jdbc.DataSourceConfiguration$Hikari] is not eligible for getting processed by all BeanPostProcessors (for example: not eligible for auto-proxying)
2024-05-17 20:01:26.827 CST [restartedMain] INFO  org.springframework.context.support.PostProcessorRegistrationDelegate$BeanPostProcessorChecker 409 postProcessAfterInitialization - Bean 'spring.datasource-org.springframework.boot.autoconfigure.jdbc.DataSourceProperties' of type [org.springframework.boot.autoconfigure.jdbc.DataSourceProperties] is not eligible for getting processed by all BeanPostProcessors (for example: not eligible for auto-proxying)
2024-05-17 20:01:26.853 CST [restartedMain] INFO  org.springframework.context.support.PostProcessorRegistrationDelegate$BeanPostProcessorChecker 409 postProcessAfterInitialization - Bean 'dataSource' of type [com.zaxxer.hikari.HikariDataSource] is not eligible for getting processed by all BeanPostProcessors (for example: not eligible for auto-proxying)
2024-05-17 20:01:26.863 CST [restartedMain] INFO  org.springframework.context.support.PostProcessorRegistrationDelegate$BeanPostProcessorChecker 409 postProcessAfterInitialization - Bean 'org.springframework.boot.autoconfigure.transaction.TransactionAutoConfiguration' of type [org.springframework.boot.autoconfigure.transaction.TransactionAutoConfiguration] is not eligible for getting processed by all BeanPostProcessors (for example: not eligible for auto-proxying)
2024-05-17 20:01:26.871 CST [restartedMain] INFO  org.springframework.context.support.PostProcessorRegistrationDelegate$BeanPostProcessorChecker 409 postProcessAfterInitialization - Bean 'spring.transaction-org.springframework.boot.autoconfigure.transaction.TransactionProperties' of type [org.springframework.boot.autoconfigure.transaction.TransactionProperties] is not eligible for getting processed by all BeanPostProcessors (for example: not eligible for auto-proxying)
2024-05-17 20:01:26.875 CST [restartedMain] INFO  org.springframework.context.support.PostProcessorRegistrationDelegate$BeanPostProcessorChecker 409 postProcessAfterInitialization - Bean 'platformTransactionManagerCustomizers' of type [org.springframework.boot.autoconfigure.transaction.TransactionManagerCustomizers] is not eligible for getting processed by all BeanPostProcessors (for example: not eligible for auto-proxying)
2024-05-17 20:01:26.881 CST [restartedMain] INFO  org.springframework.context.support.PostProcessorRegistrationDelegate$BeanPostProcessorChecker 409 postProcessAfterInitialization - Bean 'transactionManager' of type [org.springframework.jdbc.support.JdbcTransactionManager] is not eligible for getting processed by all BeanPostProcessors (for example: not eligible for auto-proxying)
2024-05-17 20:01:26.883 CST [restartedMain] INFO  org.springframework.context.support.PostProcessorRegistrationDelegate$BeanPostProcessorChecker 409 postProcessAfterInitialization - Bean 'transactionConfig' of type [com.scccy.springbootexample.aspect.TransactionConfig$$SpringCGLIB$$0] is not eligible for getting processed by all BeanPostProcessors (for example: not eligible for auto-proxying)
2024-05-17 20:01:26.891 CST [restartedMain] INFO  org.springframework.context.support.PostProcessorRegistrationDelegate$BeanPostProcessorChecker 409 postProcessAfterInitialization - Bean 'txAdvice' of type [org.springframework.transaction.interceptor.TransactionInterceptor] is not eligible for getting processed by all BeanPostProcessors (for example: not eligible for auto-proxying)
2024-05-17 20:01:26.893 CST [restartedMain] INFO  org.springframework.context.support.PostProcessorRegistrationDelegate$BeanPostProcessorChecker 409 postProcessAfterInitialization - Bean 'txAdviceAdvisor' of type [org.springframework.aop.support.DefaultPointcutAdvisor] is not eligible for getting processed by all BeanPostProcessors (for example: not eligible for auto-proxying)
2024-05-17 20:01:27.374 CST [restartedMain] INFO  org.springframework.boot.web.embedded.tomcat.TomcatWebServer 108 initialize - Tomcat initialized with port(s): 11007 (http)
2024-05-17 20:01:27.387 CST [restartedMain] INFO  org.apache.coyote.http11.Http11NioProtocol 173 log - Initializing ProtocolHandler ["http-nio-0.0.0.0-11007"]
2024-05-17 20:01:27.389 CST [restartedMain] INFO  org.apache.catalina.core.StandardService 173 log - Starting service [Tomcat]
2024-05-17 20:01:27.390 CST [restartedMain] INFO  org.apache.catalina.core.StandardEngine 173 log - Starting Servlet engine: [Apache Tomcat/10.1.8]
2024-05-17 20:01:27.452 CST [restartedMain] INFO  org.apache.catalina.core.ContainerBase.[Tomcat].[localhost].[/example] 173 log - Initializing Spring embedded WebApplicationContext
2024-05-17 20:01:27.453 CST [restartedMain] INFO  org.springframework.boot.web.servlet.context.ServletWebServerApplicationContext 291 prepareWebApplicationContext - Root WebApplicationContext: initialization completed in 2118 ms
2024-05-17 20:01:27.666 CST [restartedMain] WARN  org.springframework.boot.web.servlet.context.AnnotationConfigServletWebServerApplicationContext 592 refresh - Exception encountered during context initialization - cancelling refresh attempt: org.springframework.beans.factory.UnsatisfiedDependencyException: Error creating bean with name '/autoconfig': Unsatisfied dependency expressed through field 'importProBean02': Error creating bean with name 'importProBean02': Could not bind properties to 'ImportProBean02' : prefix=userShici, ignoreInvalidFields=false, ignoreUnknownFields=true
2024-05-17 20:01:27.670 CST [restartedMain] INFO  org.apache.catalina.core.StandardService 173 log - Stopping service [Tomcat]
2024-05-17 20:01:27.722 CST [restartedMain] INFO  org.springframework.boot.autoconfigure.logging.ConditionEvaluationReportLogger 82 logMessage - 

Error starting ApplicationContext. To display the condition evaluation report re-run your application with 'debug' enabled.
2024-05-17 20:01:27.749 CST [restartedMain] ERROR org.springframework.boot.diagnostics.LoggingFailureAnalysisReporter 40 report - 

***************************
APPLICATION FAILED TO START
***************************

Description:

Configuration property name 'userShici' is not valid:

    Invalid characters: 'S'
    Bean: /autoconfig
    Reason: Canonical names should be kebab-case ('-' separated), lowercase alpha-numeric characters and must start with a letter

Action:

Modify 'userShici' so that it conforms to the canonical names requirements.

2024-05-17 20:01:55.947 CST [restartedMain] INFO  com.scccy.springbootexample.SpringBootExampleApplication 51 logStarting - Starting SpringBootExampleApplication using Java 17.0.11 with PID 406445 (/home/project/springBootExample/springBootExample/target/classes started by root in /home/project/springBootExample)
2024-05-17 20:01:55.958 CST [restartedMain] INFO  com.scccy.springbootexample.SpringBootExampleApplication 632 logStartupProfileInfo - No active profile set, falling back to 1 default profile: "default"
2024-05-17 20:01:56.022 CST [restartedMain] INFO  org.springframework.boot.devtools.env.DevToolsPropertyDefaultsPostProcessor 250 logTo - Devtools property defaults active! Set 'spring.devtools.add-properties' to 'false' to disable
2024-05-17 20:01:56.023 CST [restartedMain] INFO  org.springframework.boot.devtools.env.DevToolsPropertyDefaultsPostProcessor 250 logTo - For additional web related logging consider setting the 'logging.level.web' property to 'DEBUG'
2024-05-17 20:01:57.536 CST [restartedMain] INFO  org.springframework.context.support.PostProcessorRegistrationDelegate$BeanPostProcessorChecker 409 postProcessAfterInitialization - Bean 'org.springframework.boot.autoconfigure.jdbc.DataSourceTransactionManagerAutoConfiguration$JdbcTransactionManagerConfiguration' of type [org.springframework.boot.autoconfigure.jdbc.DataSourceTransactionManagerAutoConfiguration$JdbcTransactionManagerConfiguration] is not eligible for getting processed by all BeanPostProcessors (for example: not eligible for auto-proxying)
2024-05-17 20:01:57.539 CST [restartedMain] INFO  org.springframework.context.support.PostProcessorRegistrationDelegate$BeanPostProcessorChecker 409 postProcessAfterInitialization - Bean 'org.springframework.boot.autoconfigure.jdbc.DataSourceConfiguration$Hikari' of type [org.springframework.boot.autoconfigure.jdbc.DataSourceConfiguration$Hikari] is not eligible for getting processed by all BeanPostProcessors (for example: not eligible for auto-proxying)
2024-05-17 20:01:57.568 CST [restartedMain] INFO  org.springframework.context.support.PostProcessorRegistrationDelegate$BeanPostProcessorChecker 409 postProcessAfterInitialization - Bean 'spring.datasource-org.springframework.boot.autoconfigure.jdbc.DataSourceProperties' of type [org.springframework.boot.autoconfigure.jdbc.DataSourceProperties] is not eligible for getting processed by all BeanPostProcessors (for example: not eligible for auto-proxying)
2024-05-17 20:01:57.596 CST [restartedMain] INFO  org.springframework.context.support.PostProcessorRegistrationDelegate$BeanPostProcessorChecker 409 postProcessAfterInitialization - Bean 'dataSource' of type [com.zaxxer.hikari.HikariDataSource] is not eligible for getting processed by all BeanPostProcessors (for example: not eligible for auto-proxying)
2024-05-17 20:01:57.610 CST [restartedMain] INFO  org.springframework.context.support.PostProcessorRegistrationDelegate$BeanPostProcessorChecker 409 postProcessAfterInitialization - Bean 'org.springframework.boot.autoconfigure.transaction.TransactionAutoConfiguration' of type [org.springframework.boot.autoconfigure.transaction.TransactionAutoConfiguration] is not eligible for getting processed by all BeanPostProcessors (for example: not eligible for auto-proxying)
2024-05-17 20:01:57.618 CST [restartedMain] INFO  org.springframework.context.support.PostProcessorRegistrationDelegate$BeanPostProcessorChecker 409 postProcessAfterInitialization - Bean 'spring.transaction-org.springframework.boot.autoconfigure.transaction.TransactionProperties' of type [org.springframework.boot.autoconfigure.transaction.TransactionProperties] is not eligible for getting processed by all BeanPostProcessors (for example: not eligible for auto-proxying)
2024-05-17 20:01:57.621 CST [restartedMain] INFO  org.springframework.context.support.PostProcessorRegistrationDelegate$BeanPostProcessorChecker 409 postProcessAfterInitialization - Bean 'platformTransactionManagerCustomizers' of type [org.springframework.boot.autoconfigure.transaction.TransactionManagerCustomizers] is not eligible for getting processed by all BeanPostProcessors (for example: not eligible for auto-proxying)
2024-05-17 20:01:57.628 CST [restartedMain] INFO  org.springframework.context.support.PostProcessorRegistrationDelegate$BeanPostProcessorChecker 409 postProcessAfterInitialization - Bean 'transactionManager' of type [org.springframework.jdbc.support.JdbcTransactionManager] is not eligible for getting processed by all BeanPostProcessors (for example: not eligible for auto-proxying)
2024-05-17 20:01:57.629 CST [restartedMain] INFO  org.springframework.context.support.PostProcessorRegistrationDelegate$BeanPostProcessorChecker 409 postProcessAfterInitialization - Bean 'transactionConfig' of type [com.scccy.springbootexample.aspect.TransactionConfig$$SpringCGLIB$$0] is not eligible for getting processed by all BeanPostProcessors (for example: not eligible for auto-proxying)
2024-05-17 20:01:57.639 CST [restartedMain] INFO  org.springframework.context.support.PostProcessorRegistrationDelegate$BeanPostProcessorChecker 409 postProcessAfterInitialization - Bean 'txAdvice' of type [org.springframework.transaction.interceptor.TransactionInterceptor] is not eligible for getting processed by all BeanPostProcessors (for example: not eligible for auto-proxying)
2024-05-17 20:01:57.641 CST [restartedMain] INFO  org.springframework.context.support.PostProcessorRegistrationDelegate$BeanPostProcessorChecker 409 postProcessAfterInitialization - Bean 'txAdviceAdvisor' of type [org.springframework.aop.support.DefaultPointcutAdvisor] is not eligible for getting processed by all BeanPostProcessors (for example: not eligible for auto-proxying)
2024-05-17 20:01:58.153 CST [restartedMain] INFO  org.springframework.boot.web.embedded.tomcat.TomcatWebServer 108 initialize - Tomcat initialized with port(s): 11007 (http)
2024-05-17 20:01:58.165 CST [restartedMain] INFO  org.apache.coyote.http11.Http11NioProtocol 173 log - Initializing ProtocolHandler ["http-nio-0.0.0.0-11007"]
2024-05-17 20:01:58.166 CST [restartedMain] INFO  org.apache.catalina.core.StandardService 173 log - Starting service [Tomcat]
2024-05-17 20:01:58.167 CST [restartedMain] INFO  org.apache.catalina.core.StandardEngine 173 log - Starting Servlet engine: [Apache Tomcat/10.1.8]
2024-05-17 20:01:58.232 CST [restartedMain] INFO  org.apache.catalina.core.ContainerBase.[Tomcat].[localhost].[/example] 173 log - Initializing Spring embedded WebApplicationContext
2024-05-17 20:01:58.233 CST [restartedMain] INFO  org.springframework.boot.web.servlet.context.ServletWebServerApplicationContext 291 prepareWebApplicationContext - Root WebApplicationContext: initialization completed in 2209 ms
2024-05-17 20:01:58.474 CST [restartedMain] WARN  org.springframework.boot.web.servlet.context.AnnotationConfigServletWebServerApplicationContext 592 refresh - Exception encountered during context initialization - cancelling refresh attempt: org.springframework.beans.factory.UnsatisfiedDependencyException: Error creating bean with name '/autoconfig': Unsatisfied dependency expressed through field 'importProBean02': Error creating bean with name 'importProBean02': Could not bind properties to 'ImportProBean02' : prefix=userShici, ignoreInvalidFields=false, ignoreUnknownFields=true
2024-05-17 20:01:58.484 CST [restartedMain] INFO  org.apache.catalina.core.StandardService 173 log - Stopping service [Tomcat]
2024-05-17 20:01:58.515 CST [restartedMain] INFO  org.springframework.boot.autoconfigure.logging.ConditionEvaluationReportLogger 82 logMessage - 

Error starting ApplicationContext. To display the condition evaluation report re-run your application with 'debug' enabled.
2024-05-17 20:01:58.543 CST [restartedMain] ERROR org.springframework.boot.diagnostics.LoggingFailureAnalysisReporter 40 report - 

***************************
APPLICATION FAILED TO START
***************************

Description:

Configuration property name 'userShici' is not valid:

    Invalid characters: 'S'
    Bean: /autoconfig
    Reason: Canonical names should be kebab-case ('-' separated), lowercase alpha-numeric characters and must start with a letter

Action:

Modify 'userShici' so that it conforms to the canonical names requirements.

2024-05-17 20:03:50.671 CST [restartedMain] INFO  com.scccy.springbootexample.SpringBootExampleApplication 51 logStarting - Starting SpringBootExampleApplication using Java 17.0.11 with PID 407057 (/home/project/springBootExample/springBootExample/target/classes started by root in /home/project/springBootExample)
2024-05-17 20:03:50.682 CST [restartedMain] INFO  com.scccy.springbootexample.SpringBootExampleApplication 632 logStartupProfileInfo - No active profile set, falling back to 1 default profile: "default"
2024-05-17 20:03:50.748 CST [restartedMain] INFO  org.springframework.boot.devtools.env.DevToolsPropertyDefaultsPostProcessor 250 logTo - Devtools property defaults active! Set 'spring.devtools.add-properties' to 'false' to disable
2024-05-17 20:03:50.748 CST [restartedMain] INFO  org.springframework.boot.devtools.env.DevToolsPropertyDefaultsPostProcessor 250 logTo - For additional web related logging consider setting the 'logging.level.web' property to 'DEBUG'
2024-05-17 20:03:52.163 CST [restartedMain] INFO  org.springframework.context.support.PostProcessorRegistrationDelegate$BeanPostProcessorChecker 409 postProcessAfterInitialization - Bean 'org.springframework.boot.autoconfigure.jdbc.DataSourceTransactionManagerAutoConfiguration$JdbcTransactionManagerConfiguration' of type [org.springframework.boot.autoconfigure.jdbc.DataSourceTransactionManagerAutoConfiguration$JdbcTransactionManagerConfiguration] is not eligible for getting processed by all BeanPostProcessors (for example: not eligible for auto-proxying)
2024-05-17 20:03:52.166 CST [restartedMain] INFO  org.springframework.context.support.PostProcessorRegistrationDelegate$BeanPostProcessorChecker 409 postProcessAfterInitialization - Bean 'org.springframework.boot.autoconfigure.jdbc.DataSourceConfiguration$Hikari' of type [org.springframework.boot.autoconfigure.jdbc.DataSourceConfiguration$Hikari] is not eligible for getting processed by all BeanPostProcessors (for example: not eligible for auto-proxying)
2024-05-17 20:03:52.188 CST [restartedMain] INFO  org.springframework.context.support.PostProcessorRegistrationDelegate$BeanPostProcessorChecker 409 postProcessAfterInitialization - Bean 'spring.datasource-org.springframework.boot.autoconfigure.jdbc.DataSourceProperties' of type [org.springframework.boot.autoconfigure.jdbc.DataSourceProperties] is not eligible for getting processed by all BeanPostProcessors (for example: not eligible for auto-proxying)
2024-05-17 20:03:52.210 CST [restartedMain] INFO  org.springframework.context.support.PostProcessorRegistrationDelegate$BeanPostProcessorChecker 409 postProcessAfterInitialization - Bean 'dataSource' of type [com.zaxxer.hikari.HikariDataSource] is not eligible for getting processed by all BeanPostProcessors (for example: not eligible for auto-proxying)
2024-05-17 20:03:52.218 CST [restartedMain] INFO  org.springframework.context.support.PostProcessorRegistrationDelegate$BeanPostProcessorChecker 409 postProcessAfterInitialization - Bean 'org.springframework.boot.autoconfigure.transaction.TransactionAutoConfiguration' of type [org.springframework.boot.autoconfigure.transaction.TransactionAutoConfiguration] is not eligible for getting processed by all BeanPostProcessors (for example: not eligible for auto-proxying)
2024-05-17 20:03:52.224 CST [restartedMain] INFO  org.springframework.context.support.PostProcessorRegistrationDelegate$BeanPostProcessorChecker 409 postProcessAfterInitialization - Bean 'spring.transaction-org.springframework.boot.autoconfigure.transaction.TransactionProperties' of type [org.springframework.boot.autoconfigure.transaction.TransactionProperties] is not eligible for getting processed by all BeanPostProcessors (for example: not eligible for auto-proxying)
2024-05-17 20:03:52.227 CST [restartedMain] INFO  org.springframework.context.support.PostProcessorRegistrationDelegate$BeanPostProcessorChecker 409 postProcessAfterInitialization - Bean 'platformTransactionManagerCustomizers' of type [org.springframework.boot.autoconfigure.transaction.TransactionManagerCustomizers] is not eligible for getting processed by all BeanPostProcessors (for example: not eligible for auto-proxying)
2024-05-17 20:03:52.232 CST [restartedMain] INFO  org.springframework.context.support.PostProcessorRegistrationDelegate$BeanPostProcessorChecker 409 postProcessAfterInitialization - Bean 'transactionManager' of type [org.springframework.jdbc.support.JdbcTransactionManager] is not eligible for getting processed by all BeanPostProcessors (for example: not eligible for auto-proxying)
2024-05-17 20:03:52.234 CST [restartedMain] INFO  org.springframework.context.support.PostProcessorRegistrationDelegate$BeanPostProcessorChecker 409 postProcessAfterInitialization - Bean 'transactionConfig' of type [com.scccy.springbootexample.aspect.TransactionConfig$$SpringCGLIB$$0] is not eligible for getting processed by all BeanPostProcessors (for example: not eligible for auto-proxying)
2024-05-17 20:03:52.241 CST [restartedMain] INFO  org.springframework.context.support.PostProcessorRegistrationDelegate$BeanPostProcessorChecker 409 postProcessAfterInitialization - Bean 'txAdvice' of type [org.springframework.transaction.interceptor.TransactionInterceptor] is not eligible for getting processed by all BeanPostProcessors (for example: not eligible for auto-proxying)
2024-05-17 20:03:52.242 CST [restartedMain] INFO  org.springframework.context.support.PostProcessorRegistrationDelegate$BeanPostProcessorChecker 409 postProcessAfterInitialization - Bean 'txAdviceAdvisor' of type [org.springframework.aop.support.DefaultPointcutAdvisor] is not eligible for getting processed by all BeanPostProcessors (for example: not eligible for auto-proxying)
2024-05-17 20:03:52.747 CST [restartedMain] INFO  org.springframework.boot.web.embedded.tomcat.TomcatWebServer 108 initialize - Tomcat initialized with port(s): 11007 (http)
2024-05-17 20:03:52.759 CST [restartedMain] INFO  org.apache.coyote.http11.Http11NioProtocol 173 log - Initializing ProtocolHandler ["http-nio-0.0.0.0-11007"]
2024-05-17 20:03:52.760 CST [restartedMain] INFO  org.apache.catalina.core.StandardService 173 log - Starting service [Tomcat]
2024-05-17 20:03:52.761 CST [restartedMain] INFO  org.apache.catalina.core.StandardEngine 173 log - Starting Servlet engine: [Apache Tomcat/10.1.8]
2024-05-17 20:03:52.827 CST [restartedMain] INFO  org.apache.catalina.core.ContainerBase.[Tomcat].[localhost].[/example] 173 log - Initializing Spring embedded WebApplicationContext
2024-05-17 20:03:52.829 CST [restartedMain] INFO  org.springframework.boot.web.servlet.context.ServletWebServerApplicationContext 291 prepareWebApplicationContext - Root WebApplicationContext: initialization completed in 2079 ms
2024-05-17 20:03:54.109 CST [restartedMain] INFO  org.springframework.boot.devtools.autoconfigure.OptionalLiveReloadServer 59 startServer - LiveReload server is running on port 35729
2024-05-17 20:03:54.116 CST [restartedMain] INFO  org.springframework.boot.actuate.endpoint.web.EndpointLinksResolver 58 <init> - Exposing 1 endpoint(s) beneath base path '/actuator'
2024-05-17 20:03:54.191 CST [restartedMain] INFO  org.apache.coyote.http11.Http11NioProtocol 173 log - Starting ProtocolHandler ["http-nio-0.0.0.0-11007"]
2024-05-17 20:03:54.211 CST [restartedMain] INFO  org.springframework.boot.web.embedded.tomcat.TomcatWebServer 220 start - Tomcat started on port(s): 11007 (http) with context path '/example'
2024-05-17 20:03:54.234 CST [restartedMain] INFO  com.scccy.springbootexample.SpringBootExampleApplication 57 logStarted - Started SpringBootExampleApplication in 4.081 seconds (process running for 5.277)
2024-05-17 20:03:54.889 CST [RMI TCP Connection(3)-127.0.0.1] INFO  org.apache.catalina.core.ContainerBase.[Tomcat].[localhost].[/example] 173 log - Initializing Spring DispatcherServlet 'dispatcherServlet'
2024-05-17 20:03:54.890 CST [RMI TCP Connection(3)-127.0.0.1] INFO  org.springframework.web.servlet.DispatcherServlet 532 initServletBean - Initializing Servlet 'dispatcherServlet'
2024-05-17 20:03:54.892 CST [RMI TCP Connection(3)-127.0.0.1] INFO  org.springframework.web.servlet.DispatcherServlet 554 initServletBean - Completed initialization in 1 ms
2024-05-17 20:03:54.927 CST [RMI TCP Connection(2)-127.0.0.1] INFO  com.zaxxer.hikari.HikariDataSource 110 getConnection - HikariPool-1 - Starting...
2024-05-17 20:03:55.597 CST [RMI TCP Connection(2)-127.0.0.1] INFO  com.zaxxer.hikari.pool.HikariPool 565 checkFailFast - HikariPool-1 - Added connection com.mysql.cj.jdbc.ConnectionImpl@6965e4cd
2024-05-17 20:03:55.636 CST [RMI TCP Connection(2)-127.0.0.1] INFO  com.zaxxer.hikari.HikariDataSource 123 getConnection - HikariPool-1 - Start completed.
2024-05-17 20:06:02.019 CST [http-nio-0.0.0.0-11007-exec-9] WARN  org.springframework.web.servlet.mvc.method.annotation.ExceptionHandlerExceptionResolver 207 logException - Resolved [org.springframework.web.bind.MissingServletRequestParameterException: Required request parameter 'userId' for method parameter type Integer is not present]
2024-05-17 20:07:42.458 CST [http-nio-0.0.0.0-11007-exec-8] WARN  com.scccy.springbootexample.handlerExption.GlobalExceptionHandler 28 handleGlobalException - Request method 'GET' is not supported
2024-05-17 20:07:42.459 CST [http-nio-0.0.0.0-11007-exec-8] WARN  org.springframework.web.servlet.mvc.method.annotation.ExceptionHandlerExceptionResolver 207 logException - Resolved [org.springframework.web.HttpRequestMethodNotSupportedException: Request method 'GET' is not supported]
2024-05-17 20:08:43.222 CST [File Watcher] INFO  org.springframework.boot.devtools.autoconfigure.LocalDevToolsAutoConfiguration$RestartingClassPathChangeChangedEventListener 211 onApplicationEvent - Restarting due to 1 class path change (0 additions, 1 deletion, 0 modifications)
2024-05-17 20:08:43.232 CST [Thread-5] INFO  org.apache.coyote.http11.Http11NioProtocol 173 log - Pausing ProtocolHandler ["http-nio-0.0.0.0-11007"]
2024-05-17 20:08:43.233 CST [Thread-5] INFO  org.apache.catalina.core.StandardService 173 log - Stopping service [Tomcat]
2024-05-17 20:08:43.235 CST [Thread-5] INFO  org.apache.catalina.core.ContainerBase.[Tomcat].[localhost].[/example] 173 log - Destroying Spring FrameworkServlet 'dispatcherServlet'
2024-05-17 20:08:43.238 CST [Thread-5] INFO  org.apache.coyote.http11.Http11NioProtocol 173 log - Stopping ProtocolHandler ["http-nio-0.0.0.0-11007"]
2024-05-17 20:08:43.241 CST [Thread-5] INFO  org.apache.coyote.http11.Http11NioProtocol 173 log - Destroying ProtocolHandler ["http-nio-0.0.0.0-11007"]
2024-05-17 20:08:43.252 CST [Thread-5] INFO  com.zaxxer.hikari.HikariDataSource 350 close - HikariPool-1 - Shutdown initiated...
2024-05-17 20:08:43.265 CST [Thread-5] INFO  com.zaxxer.hikari.HikariDataSource 352 close - HikariPool-1 - Shutdown completed.
2024-05-17 20:08:43.396 CST [restartedMain] INFO  com.scccy.springbootexample.SpringBootExampleApplication 51 logStarting - Starting SpringBootExampleApplication using Java 17.0.11 with PID 407057 (/home/project/springBootExample/springBootExample/target/classes started by root in /home/project/springBootExample)
2024-05-17 20:08:43.397 CST [restartedMain] INFO  com.scccy.springbootexample.SpringBootExampleApplication 632 logStartupProfileInfo - No active profile set, falling back to 1 default profile: "default"
2024-05-17 20:08:43.772 CST [restartedMain] INFO  org.springframework.context.support.PostProcessorRegistrationDelegate$BeanPostProcessorChecker 409 postProcessAfterInitialization - Bean 'org.springframework.boot.autoconfigure.jdbc.DataSourceTransactionManagerAutoConfiguration$JdbcTransactionManagerConfiguration' of type [org.springframework.boot.autoconfigure.jdbc.DataSourceTransactionManagerAutoConfiguration$JdbcTransactionManagerConfiguration] is not eligible for getting processed by all BeanPostProcessors (for example: not eligible for auto-proxying)
2024-05-17 20:08:43.773 CST [restartedMain] INFO  org.springframework.context.support.PostProcessorRegistrationDelegate$BeanPostProcessorChecker 409 postProcessAfterInitialization - Bean 'org.springframework.boot.autoconfigure.jdbc.DataSourceConfiguration$Hikari' of type [org.springframework.boot.autoconfigure.jdbc.DataSourceConfiguration$Hikari] is not eligible for getting processed by all BeanPostProcessors (for example: not eligible for auto-proxying)
2024-05-17 20:08:43.778 CST [restartedMain] INFO  org.springframework.context.support.PostProcessorRegistrationDelegate$BeanPostProcessorChecker 409 postProcessAfterInitialization - Bean 'spring.datasource-org.springframework.boot.autoconfigure.jdbc.DataSourceProperties' of type [org.springframework.boot.autoconfigure.jdbc.DataSourceProperties] is not eligible for getting processed by all BeanPostProcessors (for example: not eligible for auto-proxying)
2024-05-17 20:08:43.784 CST [restartedMain] INFO  org.springframework.context.support.PostProcessorRegistrationDelegate$BeanPostProcessorChecker 409 postProcessAfterInitialization - Bean 'dataSource' of type [com.zaxxer.hikari.HikariDataSource] is not eligible for getting processed by all BeanPostProcessors (for example: not eligible for auto-proxying)
2024-05-17 20:08:43.786 CST [restartedMain] INFO  org.springframework.context.support.PostProcessorRegistrationDelegate$BeanPostProcessorChecker 409 postProcessAfterInitialization - Bean 'org.springframework.boot.autoconfigure.transaction.TransactionAutoConfiguration' of type [org.springframework.boot.autoconfigure.transaction.TransactionAutoConfiguration] is not eligible for getting processed by all BeanPostProcessors (for example: not eligible for auto-proxying)
2024-05-17 20:08:43.789 CST [restartedMain] INFO  org.springframework.context.support.PostProcessorRegistrationDelegate$BeanPostProcessorChecker 409 postProcessAfterInitialization - Bean 'spring.transaction-org.springframework.boot.autoconfigure.transaction.TransactionProperties' of type [org.springframework.boot.autoconfigure.transaction.TransactionProperties] is not eligible for getting processed by all BeanPostProcessors (for example: not eligible for auto-proxying)
2024-05-17 20:08:43.789 CST [restartedMain] INFO  org.springframework.context.support.PostProcessorRegistrationDelegate$BeanPostProcessorChecker 409 postProcessAfterInitialization - Bean 'platformTransactionManagerCustomizers' of type [org.springframework.boot.autoconfigure.transaction.TransactionManagerCustomizers] is not eligible for getting processed by all BeanPostProcessors (for example: not eligible for auto-proxying)
2024-05-17 20:08:43.790 CST [restartedMain] INFO  org.springframework.context.support.PostProcessorRegistrationDelegate$BeanPostProcessorChecker 409 postProcessAfterInitialization - Bean 'transactionManager' of type [org.springframework.jdbc.support.JdbcTransactionManager] is not eligible for getting processed by all BeanPostProcessors (for example: not eligible for auto-proxying)
2024-05-17 20:08:43.791 CST [restartedMain] INFO  org.springframework.context.support.PostProcessorRegistrationDelegate$BeanPostProcessorChecker 409 postProcessAfterInitialization - Bean 'transactionConfig' of type [com.scccy.springbootexample.aspect.TransactionConfig$$SpringCGLIB$$0] is not eligible for getting processed by all BeanPostProcessors (for example: not eligible for auto-proxying)
2024-05-17 20:08:43.792 CST [restartedMain] INFO  org.springframework.context.support.PostProcessorRegistrationDelegate$BeanPostProcessorChecker 409 postProcessAfterInitialization - Bean 'txAdvice' of type [org.springframework.transaction.interceptor.TransactionInterceptor] is not eligible for getting processed by all BeanPostProcessors (for example: not eligible for auto-proxying)
2024-05-17 20:08:43.793 CST [restartedMain] INFO  org.springframework.context.support.PostProcessorRegistrationDelegate$BeanPostProcessorChecker 409 postProcessAfterInitialization - Bean 'txAdviceAdvisor' of type [org.springframework.aop.support.DefaultPointcutAdvisor] is not eligible for getting processed by all BeanPostProcessors (for example: not eligible for auto-proxying)
2024-05-17 20:08:43.852 CST [restartedMain] INFO  org.springframework.boot.web.embedded.tomcat.TomcatWebServer 108 initialize - Tomcat initialized with port(s): 11007 (http)
2024-05-17 20:08:43.853 CST [restartedMain] INFO  org.apache.coyote.http11.Http11NioProtocol 173 log - Initializing ProtocolHandler ["http-nio-0.0.0.0-11007"]
2024-05-17 20:08:43.854 CST [restartedMain] INFO  org.apache.catalina.core.StandardService 173 log - Starting service [Tomcat]
2024-05-17 20:08:43.855 CST [restartedMain] INFO  org.apache.catalina.core.StandardEngine 173 log - Starting Servlet engine: [Apache Tomcat/10.1.8]
2024-05-17 20:08:43.864 CST [restartedMain] INFO  org.apache.catalina.core.ContainerBase.[Tomcat].[localhost].[/example] 173 log - Initializing Spring embedded WebApplicationContext
2024-05-17 20:08:43.865 CST [restartedMain] INFO  org.springframework.boot.web.servlet.context.ServletWebServerApplicationContext 291 prepareWebApplicationContext - Root WebApplicationContext: initialization completed in 464 ms
2024-05-17 20:08:44.324 CST [restartedMain] INFO  org.springframework.boot.devtools.autoconfigure.OptionalLiveReloadServer 59 startServer - LiveReload server is running on port 35729
2024-05-17 20:08:44.329 CST [restartedMain] INFO  org.springframework.boot.actuate.endpoint.web.EndpointLinksResolver 58 <init> - Exposing 1 endpoint(s) beneath base path '/actuator'
2024-05-17 20:08:44.355 CST [restartedMain] INFO  org.apache.coyote.http11.Http11NioProtocol 173 log - Starting ProtocolHandler ["http-nio-0.0.0.0-11007"]
2024-05-17 20:08:44.359 CST [restartedMain] INFO  org.springframework.boot.web.embedded.tomcat.TomcatWebServer 220 start - Tomcat started on port(s): 11007 (http) with context path '/example'
2024-05-17 20:08:44.370 CST [restartedMain] INFO  com.scccy.springbootexample.SpringBootExampleApplication 57 logStarted - Started SpringBootExampleApplication in 1.039 seconds (process running for 295.413)
2024-05-17 20:08:44.373 CST [restartedMain] INFO  org.springframework.boot.devtools.autoconfigure.ConditionEvaluationDeltaLoggingListener 63 onApplicationEvent - Condition evaluation unchanged
2024-05-17 20:08:45.729 CST [File Watcher] INFO  org.springframework.boot.devtools.autoconfigure.LocalDevToolsAutoConfiguration$RestartingClassPathChangeChangedEventListener 211 onApplicationEvent - Restarting due to 1 class path change (1 addition, 0 deletions, 0 modifications)
2024-05-17 20:08:45.734 CST [Thread-7] INFO  org.apache.coyote.http11.Http11NioProtocol 173 log - Pausing ProtocolHandler ["http-nio-0.0.0.0-11007"]
2024-05-17 20:08:45.734 CST [Thread-7] INFO  org.apache.catalina.core.StandardService 173 log - Stopping service [Tomcat]
2024-05-17 20:08:45.737 CST [Thread-7] INFO  org.apache.coyote.http11.Http11NioProtocol 173 log - Stopping ProtocolHandler ["http-nio-0.0.0.0-11007"]
2024-05-17 20:08:45.739 CST [Thread-7] INFO  org.apache.coyote.http11.Http11NioProtocol 173 log - Destroying ProtocolHandler ["http-nio-0.0.0.0-11007"]
2024-05-17 20:08:45.880 CST [restartedMain] INFO  com.scccy.springbootexample.SpringBootExampleApplication 51 logStarting - Starting SpringBootExampleApplication using Java 17.0.11 with PID 407057 (/home/project/springBootExample/springBootExample/target/classes started by root in /home/project/springBootExample)
2024-05-17 20:08:45.881 CST [restartedMain] INFO  com.scccy.springbootexample.SpringBootExampleApplication 632 logStartupProfileInfo - No active profile set, falling back to 1 default profile: "default"
2024-05-17 20:08:46.217 CST [restartedMain] INFO  org.springframework.context.support.PostProcessorRegistrationDelegate$BeanPostProcessorChecker 409 postProcessAfterInitialization - Bean 'org.springframework.boot.autoconfigure.jdbc.DataSourceTransactionManagerAutoConfiguration$JdbcTransactionManagerConfiguration' of type [org.springframework.boot.autoconfigure.jdbc.DataSourceTransactionManagerAutoConfiguration$JdbcTransactionManagerConfiguration] is not eligible for getting processed by all BeanPostProcessors (for example: not eligible for auto-proxying)
2024-05-17 20:08:46.220 CST [restartedMain] INFO  org.springframework.context.support.PostProcessorRegistrationDelegate$BeanPostProcessorChecker 409 postProcessAfterInitialization - Bean 'org.springframework.boot.autoconfigure.jdbc.DataSourceConfiguration$Hikari' of type [org.springframework.boot.autoconfigure.jdbc.DataSourceConfiguration$Hikari] is not eligible for getting processed by all BeanPostProcessors (for example: not eligible for auto-proxying)
2024-05-17 20:08:46.225 CST [restartedMain] INFO  org.springframework.context.support.PostProcessorRegistrationDelegate$BeanPostProcessorChecker 409 postProcessAfterInitialization - Bean 'spring.datasource-org.springframework.boot.autoconfigure.jdbc.DataSourceProperties' of type [org.springframework.boot.autoconfigure.jdbc.DataSourceProperties] is not eligible for getting processed by all BeanPostProcessors (for example: not eligible for auto-proxying)
2024-05-17 20:08:46.232 CST [restartedMain] INFO  org.springframework.context.support.PostProcessorRegistrationDelegate$BeanPostProcessorChecker 409 postProcessAfterInitialization - Bean 'dataSource' of type [com.zaxxer.hikari.HikariDataSource] is not eligible for getting processed by all BeanPostProcessors (for example: not eligible for auto-proxying)
2024-05-17 20:08:46.234 CST [restartedMain] INFO  org.springframework.context.support.PostProcessorRegistrationDelegate$BeanPostProcessorChecker 409 postProcessAfterInitialization - Bean 'org.springframework.boot.autoconfigure.transaction.TransactionAutoConfiguration' of type [org.springframework.boot.autoconfigure.transaction.TransactionAutoConfiguration] is not eligible for getting processed by all BeanPostProcessors (for example: not eligible for auto-proxying)
2024-05-17 20:08:46.236 CST [restartedMain] INFO  org.springframework.context.support.PostProcessorRegistrationDelegate$BeanPostProcessorChecker 409 postProcessAfterInitialization - Bean 'spring.transaction-org.springframework.boot.autoconfigure.transaction.TransactionProperties' of type [org.springframework.boot.autoconfigure.transaction.TransactionProperties] is not eligible for getting processed by all BeanPostProcessors (for example: not eligible for auto-proxying)
2024-05-17 20:08:46.237 CST [restartedMain] INFO  org.springframework.context.support.PostProcessorRegistrationDelegate$BeanPostProcessorChecker 409 postProcessAfterInitialization - Bean 'platformTransactionManagerCustomizers' of type [org.springframework.boot.autoconfigure.transaction.TransactionManagerCustomizers] is not eligible for getting processed by all BeanPostProcessors (for example: not eligible for auto-proxying)
2024-05-17 20:08:46.238 CST [restartedMain] INFO  org.springframework.context.support.PostProcessorRegistrationDelegate$BeanPostProcessorChecker 409 postProcessAfterInitialization - Bean 'transactionManager' of type [org.springframework.jdbc.support.JdbcTransactionManager] is not eligible for getting processed by all BeanPostProcessors (for example: not eligible for auto-proxying)
2024-05-17 20:08:46.239 CST [restartedMain] INFO  org.springframework.context.support.PostProcessorRegistrationDelegate$BeanPostProcessorChecker 409 postProcessAfterInitialization - Bean 'transactionConfig' of type [com.scccy.springbootexample.aspect.TransactionConfig$$SpringCGLIB$$0] is not eligible for getting processed by all BeanPostProcessors (for example: not eligible for auto-proxying)
2024-05-17 20:08:46.241 CST [restartedMain] INFO  org.springframework.context.support.PostProcessorRegistrationDelegate$BeanPostProcessorChecker 409 postProcessAfterInitialization - Bean 'txAdvice' of type [org.springframework.transaction.interceptor.TransactionInterceptor] is not eligible for getting processed by all BeanPostProcessors (for example: not eligible for auto-proxying)
2024-05-17 20:08:46.242 CST [restartedMain] INFO  org.springframework.context.support.PostProcessorRegistrationDelegate$BeanPostProcessorChecker 409 postProcessAfterInitialization - Bean 'txAdviceAdvisor' of type [org.springframework.aop.support.DefaultPointcutAdvisor] is not eligible for getting processed by all BeanPostProcessors (for example: not eligible for auto-proxying)
2024-05-17 20:08:46.304 CST [restartedMain] INFO  org.springframework.boot.web.embedded.tomcat.TomcatWebServer 108 initialize - Tomcat initialized with port(s): 11007 (http)
2024-05-17 20:08:46.305 CST [restartedMain] INFO  org.apache.coyote.http11.Http11NioProtocol 173 log - Initializing ProtocolHandler ["http-nio-0.0.0.0-11007"]
2024-05-17 20:08:46.306 CST [restartedMain] INFO  org.apache.catalina.core.StandardService 173 log - Starting service [Tomcat]
2024-05-17 20:08:46.307 CST [restartedMain] INFO  org.apache.catalina.core.StandardEngine 173 log - Starting Servlet engine: [Apache Tomcat/10.1.8]
2024-05-17 20:08:46.315 CST [restartedMain] INFO  org.apache.catalina.core.ContainerBase.[Tomcat].[localhost].[/example] 173 log - Initializing Spring embedded WebApplicationContext
2024-05-17 20:08:46.316 CST [restartedMain] INFO  org.springframework.boot.web.servlet.context.ServletWebServerApplicationContext 291 prepareWebApplicationContext - Root WebApplicationContext: initialization completed in 431 ms
2024-05-17 20:08:46.831 CST [restartedMain] INFO  org.springframework.boot.devtools.autoconfigure.OptionalLiveReloadServer 59 startServer - LiveReload server is running on port 35729
2024-05-17 20:08:46.836 CST [restartedMain] INFO  org.springframework.boot.actuate.endpoint.web.EndpointLinksResolver 58 <init> - Exposing 1 endpoint(s) beneath base path '/actuator'
2024-05-17 20:08:46.860 CST [restartedMain] INFO  org.apache.coyote.http11.Http11NioProtocol 173 log - Starting ProtocolHandler ["http-nio-0.0.0.0-11007"]
2024-05-17 20:08:46.868 CST [restartedMain] INFO  org.springframework.boot.web.embedded.tomcat.TomcatWebServer 220 start - Tomcat started on port(s): 11007 (http) with context path '/example'
2024-05-17 20:08:46.879 CST [restartedMain] INFO  com.scccy.springbootexample.SpringBootExampleApplication 57 logStarted - Started SpringBootExampleApplication in 1.06 seconds (process running for 297.922)
2024-05-17 20:08:46.881 CST [restartedMain] INFO  org.springframework.boot.devtools.autoconfigure.ConditionEvaluationDeltaLoggingListener 63 onApplicationEvent - Condition evaluation unchanged
2024-05-17 20:09:00.775 CST [http-nio-0.0.0.0-11007-exec-1] INFO  org.apache.catalina.core.ContainerBase.[Tomcat].[localhost].[/example] 173 log - Initializing Spring DispatcherServlet 'dispatcherServlet'
2024-05-17 20:09:00.776 CST [http-nio-0.0.0.0-11007-exec-1] INFO  org.springframework.web.servlet.DispatcherServlet 532 initServletBean - Initializing Servlet 'dispatcherServlet'
2024-05-17 20:09:00.777 CST [http-nio-0.0.0.0-11007-exec-1] INFO  org.springframework.web.servlet.DispatcherServlet 554 initServletBean - Completed initialization in 1 ms
2024-05-17 20:14:39.049 CST [File Watcher] INFO  org.springframework.boot.devtools.autoconfigure.LocalDevToolsAutoConfiguration$RestartingClassPathChangeChangedEventListener 211 onApplicationEvent - Restarting due to 1 class path change (0 additions, 1 deletion, 0 modifications)
2024-05-17 20:14:39.074 CST [Thread-11] INFO  org.apache.coyote.http11.Http11NioProtocol 173 log - Pausing ProtocolHandler ["http-nio-0.0.0.0-11007"]
2024-05-17 20:14:39.088 CST [Thread-11] INFO  org.apache.catalina.core.StandardService 173 log - Stopping service [Tomcat]
2024-05-17 20:14:39.096 CST [Thread-11] INFO  org.apache.catalina.core.ContainerBase.[Tomcat].[localhost].[/example] 173 log - Destroying Spring FrameworkServlet 'dispatcherServlet'
2024-05-17 20:14:39.124 CST [Thread-11] INFO  org.apache.coyote.http11.Http11NioProtocol 173 log - Stopping ProtocolHandler ["http-nio-0.0.0.0-11007"]
2024-05-17 20:14:39.136 CST [Thread-11] INFO  org.apache.coyote.http11.Http11NioProtocol 173 log - Destroying ProtocolHandler ["http-nio-0.0.0.0-11007"]
2024-05-17 20:14:39.248 CST [restartedMain] INFO  com.scccy.springbootexample.SpringBootExampleApplication 51 logStarting - Starting SpringBootExampleApplication using Java 17.0.11 with PID 407057 (/home/project/springBootExample/springBootExample/target/classes started by root in /home/project/springBootExample)
2024-05-17 20:14:39.249 CST [restartedMain] INFO  com.scccy.springbootexample.SpringBootExampleApplication 632 logStartupProfileInfo - No active profile set, falling back to 1 default profile: "default"
2024-05-17 20:14:39.576 CST [restartedMain] INFO  org.springframework.context.support.PostProcessorRegistrationDelegate$BeanPostProcessorChecker 409 postProcessAfterInitialization - Bean 'org.springframework.boot.autoconfigure.jdbc.DataSourceTransactionManagerAutoConfiguration$JdbcTransactionManagerConfiguration' of type [org.springframework.boot.autoconfigure.jdbc.DataSourceTransactionManagerAutoConfiguration$JdbcTransactionManagerConfiguration] is not eligible for getting processed by all BeanPostProcessors (for example: not eligible for auto-proxying)
2024-05-17 20:14:39.577 CST [restartedMain] INFO  org.springframework.context.support.PostProcessorRegistrationDelegate$BeanPostProcessorChecker 409 postProcessAfterInitialization - Bean 'org.springframework.boot.autoconfigure.jdbc.DataSourceConfiguration$Hikari' of type [org.springframework.boot.autoconfigure.jdbc.DataSourceConfiguration$Hikari] is not eligible for getting processed by all BeanPostProcessors (for example: not eligible for auto-proxying)
2024-05-17 20:14:39.582 CST [restartedMain] INFO  org.springframework.context.support.PostProcessorRegistrationDelegate$BeanPostProcessorChecker 409 postProcessAfterInitialization - Bean 'spring.datasource-org.springframework.boot.autoconfigure.jdbc.DataSourceProperties' of type [org.springframework.boot.autoconfigure.jdbc.DataSourceProperties] is not eligible for getting processed by all BeanPostProcessors (for example: not eligible for auto-proxying)
2024-05-17 20:14:39.588 CST [restartedMain] INFO  org.springframework.context.support.PostProcessorRegistrationDelegate$BeanPostProcessorChecker 409 postProcessAfterInitialization - Bean 'dataSource' of type [com.zaxxer.hikari.HikariDataSource] is not eligible for getting processed by all BeanPostProcessors (for example: not eligible for auto-proxying)
2024-05-17 20:14:39.589 CST [restartedMain] INFO  org.springframework.context.support.PostProcessorRegistrationDelegate$BeanPostProcessorChecker 409 postProcessAfterInitialization - Bean 'org.springframework.boot.autoconfigure.transaction.TransactionAutoConfiguration' of type [org.springframework.boot.autoconfigure.transaction.TransactionAutoConfiguration] is not eligible for getting processed by all BeanPostProcessors (for example: not eligible for auto-proxying)
2024-05-17 20:14:39.591 CST [restartedMain] INFO  org.springframework.context.support.PostProcessorRegistrationDelegate$BeanPostProcessorChecker 409 postProcessAfterInitialization - Bean 'spring.transaction-org.springframework.boot.autoconfigure.transaction.TransactionProperties' of type [org.springframework.boot.autoconfigure.transaction.TransactionProperties] is not eligible for getting processed by all BeanPostProcessors (for example: not eligible for auto-proxying)
2024-05-17 20:14:39.591 CST [restartedMain] INFO  org.springframework.context.support.PostProcessorRegistrationDelegate$BeanPostProcessorChecker 409 postProcessAfterInitialization - Bean 'platformTransactionManagerCustomizers' of type [org.springframework.boot.autoconfigure.transaction.TransactionManagerCustomizers] is not eligible for getting processed by all BeanPostProcessors (for example: not eligible for auto-proxying)
2024-05-17 20:14:39.592 CST [restartedMain] INFO  org.springframework.context.support.PostProcessorRegistrationDelegate$BeanPostProcessorChecker 409 postProcessAfterInitialization - Bean 'transactionManager' of type [org.springframework.jdbc.support.JdbcTransactionManager] is not eligible for getting processed by all BeanPostProcessors (for example: not eligible for auto-proxying)
2024-05-17 20:14:39.592 CST [restartedMain] INFO  org.springframework.context.support.PostProcessorRegistrationDelegate$BeanPostProcessorChecker 409 postProcessAfterInitialization - Bean 'transactionConfig' of type [com.scccy.springbootexample.aspect.TransactionConfig$$SpringCGLIB$$0] is not eligible for getting processed by all BeanPostProcessors (for example: not eligible for auto-proxying)
2024-05-17 20:14:39.594 CST [restartedMain] INFO  org.springframework.context.support.PostProcessorRegistrationDelegate$BeanPostProcessorChecker 409 postProcessAfterInitialization - Bean 'txAdvice' of type [org.springframework.transaction.interceptor.TransactionInterceptor] is not eligible for getting processed by all BeanPostProcessors (for example: not eligible for auto-proxying)
2024-05-17 20:14:39.594 CST [restartedMain] INFO  org.springframework.context.support.PostProcessorRegistrationDelegate$BeanPostProcessorChecker 409 postProcessAfterInitialization - Bean 'txAdviceAdvisor' of type [org.springframework.aop.support.DefaultPointcutAdvisor] is not eligible for getting processed by all BeanPostProcessors (for example: not eligible for auto-proxying)
2024-05-17 20:14:39.651 CST [restartedMain] INFO  org.springframework.boot.web.embedded.tomcat.TomcatWebServer 108 initialize - Tomcat initialized with port(s): 11007 (http)
2024-05-17 20:14:39.652 CST [restartedMain] INFO  org.apache.coyote.http11.Http11NioProtocol 173 log - Initializing ProtocolHandler ["http-nio-0.0.0.0-11007"]
2024-05-17 20:14:39.652 CST [restartedMain] INFO  org.apache.catalina.core.StandardService 173 log - Starting service [Tomcat]
2024-05-17 20:14:39.653 CST [restartedMain] INFO  org.apache.catalina.core.StandardEngine 173 log - Starting Servlet engine: [Apache Tomcat/10.1.8]
2024-05-17 20:14:39.660 CST [restartedMain] INFO  org.apache.catalina.core.ContainerBase.[Tomcat].[localhost].[/example] 173 log - Initializing Spring embedded WebApplicationContext
2024-05-17 20:14:39.661 CST [restartedMain] INFO  org.springframework.boot.web.servlet.context.ServletWebServerApplicationContext 291 prepareWebApplicationContext - Root WebApplicationContext: initialization completed in 410 ms
2024-05-17 20:14:40.117 CST [restartedMain] INFO  org.springframework.boot.devtools.autoconfigure.OptionalLiveReloadServer 59 startServer - LiveReload server is running on port 35729
2024-05-17 20:14:40.122 CST [restartedMain] INFO  org.springframework.boot.actuate.endpoint.web.EndpointLinksResolver 58 <init> - Exposing 1 endpoint(s) beneath base path '/actuator'
2024-05-17 20:14:40.145 CST [restartedMain] INFO  org.apache.coyote.http11.Http11NioProtocol 173 log - Starting ProtocolHandler ["http-nio-0.0.0.0-11007"]
2024-05-17 20:14:40.157 CST [restartedMain] INFO  org.springframework.boot.web.embedded.tomcat.TomcatWebServer 220 start - Tomcat started on port(s): 11007 (http) with context path '/example'
2024-05-17 20:14:40.168 CST [restartedMain] INFO  com.scccy.springbootexample.SpringBootExampleApplication 57 logStarted - Started SpringBootExampleApplication in 0.976 seconds (process running for 651.211)
2024-05-17 20:14:40.171 CST [restartedMain] INFO  org.springframework.boot.devtools.autoconfigure.ConditionEvaluationDeltaLoggingListener 63 onApplicationEvent - Condition evaluation unchanged
2024-05-17 20:14:41.522 CST [File Watcher] INFO  org.springframework.boot.devtools.autoconfigure.LocalDevToolsAutoConfiguration$RestartingClassPathChangeChangedEventListener 211 onApplicationEvent - Restarting due to 1 class path change (1 addition, 0 deletions, 0 modifications)
2024-05-17 20:14:41.525 CST [Thread-15] INFO  org.apache.coyote.http11.Http11NioProtocol 173 log - Pausing ProtocolHandler ["http-nio-0.0.0.0-11007"]
2024-05-17 20:14:41.526 CST [Thread-15] INFO  org.apache.catalina.core.StandardService 173 log - Stopping service [Tomcat]
2024-05-17 20:14:41.528 CST [Thread-15] INFO  org.apache.coyote.http11.Http11NioProtocol 173 log - Stopping ProtocolHandler ["http-nio-0.0.0.0-11007"]
2024-05-17 20:14:41.530 CST [Thread-15] INFO  org.apache.coyote.http11.Http11NioProtocol 173 log - Destroying ProtocolHandler ["http-nio-0.0.0.0-11007"]
2024-05-17 20:14:41.652 CST [restartedMain] INFO  com.scccy.springbootexample.SpringBootExampleApplication 51 logStarting - Starting SpringBootExampleApplication using Java 17.0.11 with PID 407057 (/home/project/springBootExample/springBootExample/target/classes started by root in /home/project/springBootExample)
2024-05-17 20:14:41.653 CST [restartedMain] INFO  com.scccy.springbootexample.SpringBootExampleApplication 632 logStartupProfileInfo - No active profile set, falling back to 1 default profile: "default"
2024-05-17 20:14:42.005 CST [restartedMain] INFO  org.springframework.context.support.PostProcessorRegistrationDelegate$BeanPostProcessorChecker 409 postProcessAfterInitialization - Bean 'org.springframework.boot.autoconfigure.jdbc.DataSourceTransactionManagerAutoConfiguration$JdbcTransactionManagerConfiguration' of type [org.springframework.boot.autoconfigure.jdbc.DataSourceTransactionManagerAutoConfiguration$JdbcTransactionManagerConfiguration] is not eligible for getting processed by all BeanPostProcessors (for example: not eligible for auto-proxying)
2024-05-17 20:14:42.007 CST [restartedMain] INFO  org.springframework.context.support.PostProcessorRegistrationDelegate$BeanPostProcessorChecker 409 postProcessAfterInitialization - Bean 'org.springframework.boot.autoconfigure.jdbc.DataSourceConfiguration$Hikari' of type [org.springframework.boot.autoconfigure.jdbc.DataSourceConfiguration$Hikari] is not eligible for getting processed by all BeanPostProcessors (for example: not eligible for auto-proxying)
2024-05-17 20:14:42.011 CST [restartedMain] INFO  org.springframework.context.support.PostProcessorRegistrationDelegate$BeanPostProcessorChecker 409 postProcessAfterInitialization - Bean 'spring.datasource-org.springframework.boot.autoconfigure.jdbc.DataSourceProperties' of type [org.springframework.boot.autoconfigure.jdbc.DataSourceProperties] is not eligible for getting processed by all BeanPostProcessors (for example: not eligible for auto-proxying)
2024-05-17 20:14:42.017 CST [restartedMain] INFO  org.springframework.context.support.PostProcessorRegistrationDelegate$BeanPostProcessorChecker 409 postProcessAfterInitialization - Bean 'dataSource' of type [com.zaxxer.hikari.HikariDataSource] is not eligible for getting processed by all BeanPostProcessors (for example: not eligible for auto-proxying)
2024-05-17 20:14:42.019 CST [restartedMain] INFO  org.springframework.context.support.PostProcessorRegistrationDelegate$BeanPostProcessorChecker 409 postProcessAfterInitialization - Bean 'org.springframework.boot.autoconfigure.transaction.TransactionAutoConfiguration' of type [org.springframework.boot.autoconfigure.transaction.TransactionAutoConfiguration] is not eligible for getting processed by all BeanPostProcessors (for example: not eligible for auto-proxying)
2024-05-17 20:14:42.021 CST [restartedMain] INFO  org.springframework.context.support.PostProcessorRegistrationDelegate$BeanPostProcessorChecker 409 postProcessAfterInitialization - Bean 'spring.transaction-org.springframework.boot.autoconfigure.transaction.TransactionProperties' of type [org.springframework.boot.autoconfigure.transaction.TransactionProperties] is not eligible for getting processed by all BeanPostProcessors (for example: not eligible for auto-proxying)
2024-05-17 20:14:42.022 CST [restartedMain] INFO  org.springframework.context.support.PostProcessorRegistrationDelegate$BeanPostProcessorChecker 409 postProcessAfterInitialization - Bean 'platformTransactionManagerCustomizers' of type [org.springframework.boot.autoconfigure.transaction.TransactionManagerCustomizers] is not eligible for getting processed by all BeanPostProcessors (for example: not eligible for auto-proxying)
2024-05-17 20:14:42.022 CST [restartedMain] INFO  org.springframework.context.support.PostProcessorRegistrationDelegate$BeanPostProcessorChecker 409 postProcessAfterInitialization - Bean 'transactionManager' of type [org.springframework.jdbc.support.JdbcTransactionManager] is not eligible for getting processed by all BeanPostProcessors (for example: not eligible for auto-proxying)
2024-05-17 20:14:42.023 CST [restartedMain] INFO  org.springframework.context.support.PostProcessorRegistrationDelegate$BeanPostProcessorChecker 409 postProcessAfterInitialization - Bean 'transactionConfig' of type [com.scccy.springbootexample.aspect.TransactionConfig$$SpringCGLIB$$0] is not eligible for getting processed by all BeanPostProcessors (for example: not eligible for auto-proxying)
2024-05-17 20:14:42.024 CST [restartedMain] INFO  org.springframework.context.support.PostProcessorRegistrationDelegate$BeanPostProcessorChecker 409 postProcessAfterInitialization - Bean 'txAdvice' of type [org.springframework.transaction.interceptor.TransactionInterceptor] is not eligible for getting processed by all BeanPostProcessors (for example: not eligible for auto-proxying)
2024-05-17 20:14:42.025 CST [restartedMain] INFO  org.springframework.context.support.PostProcessorRegistrationDelegate$BeanPostProcessorChecker 409 postProcessAfterInitialization - Bean 'txAdviceAdvisor' of type [org.springframework.aop.support.DefaultPointcutAdvisor] is not eligible for getting processed by all BeanPostProcessors (for example: not eligible for auto-proxying)
2024-05-17 20:14:42.083 CST [restartedMain] INFO  org.springframework.boot.web.embedded.tomcat.TomcatWebServer 108 initialize - Tomcat initialized with port(s): 11007 (http)
2024-05-17 20:14:42.084 CST [restartedMain] INFO  org.apache.coyote.http11.Http11NioProtocol 173 log - Initializing ProtocolHandler ["http-nio-0.0.0.0-11007"]
2024-05-17 20:14:42.084 CST [restartedMain] INFO  org.apache.catalina.core.StandardService 173 log - Starting service [Tomcat]
2024-05-17 20:14:42.085 CST [restartedMain] INFO  org.apache.catalina.core.StandardEngine 173 log - Starting Servlet engine: [Apache Tomcat/10.1.8]
2024-05-17 20:14:42.093 CST [restartedMain] INFO  org.apache.catalina.core.ContainerBase.[Tomcat].[localhost].[/example] 173 log - Initializing Spring embedded WebApplicationContext
2024-05-17 20:14:42.093 CST [restartedMain] INFO  org.springframework.boot.web.servlet.context.ServletWebServerApplicationContext 291 prepareWebApplicationContext - Root WebApplicationContext: initialization completed in 437 ms
2024-05-17 20:14:42.668 CST [restartedMain] INFO  org.springframework.boot.devtools.autoconfigure.OptionalLiveReloadServer 59 startServer - LiveReload server is running on port 35729
2024-05-17 20:14:42.673 CST [restartedMain] INFO  org.springframework.boot.actuate.endpoint.web.EndpointLinksResolver 58 <init> - Exposing 1 endpoint(s) beneath base path '/actuator'
2024-05-17 20:14:42.695 CST [restartedMain] INFO  org.apache.coyote.http11.Http11NioProtocol 173 log - Starting ProtocolHandler ["http-nio-0.0.0.0-11007"]
2024-05-17 20:14:42.700 CST [restartedMain] INFO  org.springframework.boot.web.embedded.tomcat.TomcatWebServer 220 start - Tomcat started on port(s): 11007 (http) with context path '/example'
2024-05-17 20:14:42.718 CST [restartedMain] INFO  com.scccy.springbootexample.SpringBootExampleApplication 57 logStarted - Started SpringBootExampleApplication in 1.127 seconds (process running for 653.761)
2024-05-17 20:14:42.721 CST [restartedMain] INFO  org.springframework.boot.devtools.autoconfigure.ConditionEvaluationDeltaLoggingListener 63 onApplicationEvent - Condition evaluation unchanged
2024-05-17 20:16:42.668 CST [http-nio-0.0.0.0-11007-exec-1] INFO  org.apache.catalina.core.ContainerBase.[Tomcat].[localhost].[/example] 173 log - Initializing Spring DispatcherServlet 'dispatcherServlet'
2024-05-17 20:16:42.669 CST [http-nio-0.0.0.0-11007-exec-1] INFO  org.springframework.web.servlet.DispatcherServlet 532 initServletBean - Initializing Servlet 'dispatcherServlet'
2024-05-17 20:16:42.670 CST [http-nio-0.0.0.0-11007-exec-1] INFO  org.springframework.web.servlet.DispatcherServlet 554 initServletBean - Completed initialization in 1 ms
